<?xml version="1.0" encoding="UTF-8"?>
<!-- Generated by org.testng.reporters.JUnitXMLReporter -->
<testsuite ignored="0" hostname="DESKTOP-DRB5IJT" failures="0" tests="1" name="SampleTest" time="46.889" errors="0" timestamp="2023-01-01T17:42:35 IST">
  <testcase classname="com.test.seleniumtest.Sampleseltest" name="@AfterMethod logoutfromtheapplication" time="17.76">
    <failure type="org.openqa.selenium.NoSuchElementException" message="Cannot locate an element using xpath=//body/div[@id=&amp;apos;app&amp;apos;]/div[1]/div[1]/header[@class=&amp;apos;oxd-topbar&amp;apos;]/div[1]/div[2]/ul[1]/li[1]/ul[1]/li[4]/a[1]
For documentation on this error, please visit: https://www.seleniumhq.org/exceptions/no_such_element.html
Build info: version: &amp;apos;3.141.59&amp;apos;, revision: &amp;apos;e82be7d358&amp;apos;, time: &amp;apos;2018-11-14T08:17:03&amp;apos;
System info: host: &amp;apos;DESKTOP-DRB5IJT&amp;apos;, ip: &amp;apos;192.168.29.77&amp;apos;, os.name: &amp;apos;Windows 10&amp;apos;, os.arch: &amp;apos;amd64&amp;apos;, os.version: &amp;apos;10.0&amp;apos;, java.version: &amp;apos;17.0.5&amp;apos;
Driver info: driver.version: RemoteWebDriver">
      <![CDATA[org.openqa.selenium.NoSuchElementException: Cannot locate an element using xpath=//body/div[@id='app']/div[1]/div[1]/header[@class='oxd-topbar']/div[1]/div[2]/ul[1]/li[1]/ul[1]/li[4]/a[1]
For documentation on this error, please visit: https://www.seleniumhq.org/exceptions/no_such_element.html
Build info: version: '3.141.59', revision: 'e82be7d358', time: '2018-11-14T08:17:03'
System info: host: 'DESKTOP-DRB5IJT', ip: '192.168.29.77', os.name: 'Windows 10', os.arch: 'amd64', os.version: '10.0', java.version: '17.0.5'
Driver info: driver.version: RemoteWebDriver
at org.openqa.selenium.remote.RemoteWebDriver.findElement(RemoteWebDriver.java:327)
at org.openqa.selenium.remote.RemoteWebDriver.findElementByXPath(RemoteWebDriver.java:428)
at org.openqa.selenium.By$ByXPath.findElement(By.java:353)
at org.openqa.selenium.remote.RemoteWebDriver.findElement(RemoteWebDriver.java:315)
at com.test.seleniumtest.Sampleseltest.logoutfromtheapplication(Sampleseltest.java:78)
at java.base/java.util.ArrayList.forEach(ArrayList.java:1511)
... Removed 32 stack frames]]>
    </failure>
  </testcase> <!-- @AfterMethod logoutfromtheapplication -->
  <testcase classname="com.test.seleniumtest.Sampleseltest" name="@AfterClass closebrowser" time="-1.672575155406E9">
    <skipped/>
  </testcase> <!-- @AfterClass closebrowser -->
  <testcase classname="com.test.seleniumtest.Sampleseltest" name="@AfterTest deletecachecookiesanything" time="-1.672575155414E9">
    <skipped/>
  </testcase> <!-- @AfterTest deletecachecookiesanything -->
  <testcase classname="com.test.seleniumtest.Sampleseltest" name="nameofthepagetitle" time="17.242"/>
</testsuite> <!-- SampleTest -->
